0 info it worked if it ends with ok
1 verbose cli [ '/usr/bin/node', '/usr/bin/npm', 'install', 'nudity' ]
2 info using npm@3.5.2
3 info using node@v8.10.0
4 verbose config Skipping project config: /home/naimish/.npmrc. (matches userconfig)
5 silly loadCurrentTree Starting
6 silly install loadCurrentTree
7 silly install readLocalPackageData
8 silly fetchPackageMetaData nudity
9 silly fetchNamedPackageData nudity
10 silly mapToRegistry name nudity
11 silly mapToRegistry using default registry
12 silly mapToRegistry registry https://registry.npmjs.org/
13 silly mapToRegistry uri https://registry.npmjs.org/nudity
14 verbose request uri https://registry.npmjs.org/nudity
15 verbose request no auth needed
16 info attempt registry request try #1 at 12:25:07 AM
17 verbose request id 35d97f0e43d56334
18 verbose etag W/"b30a1cd441f84a1e643a13149d29b658"
19 verbose lastModified Sun, 27 May 2018 10:50:13 GMT
20 http request GET https://registry.npmjs.org/nudity
21 http 304 https://registry.npmjs.org/nudity
22 verbose headers { date: 'Fri, 11 Oct 2019 18:59:55 GMT',
22 verbose headers   connection: 'close',
22 verbose headers   'set-cookie':
22 verbose headers    [ '__cfduid=de8e04bb078059575e72446fab8d143931570820395; expires=Sat, 10-Oct-20 18:59:55 GMT; path=/; domain=.npmjs.org; HttpOnly' ],
22 verbose headers   'cf-cache-status': 'HIT',
22 verbose headers   'cache-control': 'max-age=300',
22 verbose headers   'cf-ray': '524312f29d70d577-DEL',
22 verbose headers   age: '20',
22 verbose headers   etag: '"b30a1cd441f84a1e643a13149d29b658"',
22 verbose headers   'expect-ct': 'max-age=604800, report-uri="https://report-uri.cloudflare.com/cdn-cgi/beacon/expect-ct"',
22 verbose headers   'last-modified': 'Sun, 27 May 2018 10:50:13 GMT',
22 verbose headers   vary: 'accept-encoding, accept',
22 verbose headers   server: 'cloudflare' }
23 silly get cb [ 304,
23 silly get   { date: 'Fri, 11 Oct 2019 18:59:55 GMT',
23 silly get     connection: 'close',
23 silly get     'set-cookie':
23 silly get      [ '__cfduid=de8e04bb078059575e72446fab8d143931570820395; expires=Sat, 10-Oct-20 18:59:55 GMT; path=/; domain=.npmjs.org; HttpOnly' ],
23 silly get     'cf-cache-status': 'HIT',
23 silly get     'cache-control': 'max-age=300',
23 silly get     'cf-ray': '524312f29d70d577-DEL',
23 silly get     age: '20',
23 silly get     etag: '"b30a1cd441f84a1e643a13149d29b658"',
23 silly get     'expect-ct': 'max-age=604800, report-uri="https://report-uri.cloudflare.com/cdn-cgi/beacon/expect-ct"',
23 silly get     'last-modified': 'Sun, 27 May 2018 10:50:13 GMT',
23 silly get     vary: 'accept-encoding, accept',
23 silly get     server: 'cloudflare' } ]
24 verbose etag https://registry.npmjs.org/nudity from cache
25 verbose get saving nudity to /home/naimish/.npm/registry.npmjs.org/nudity/.cache.json
26 silly install normalizeTree
27 silly loadCurrentTree Finishing
28 silly loadIdealTree Starting
29 silly install loadIdealTree
30 silly cloneCurrentTree Starting
31 silly install cloneCurrentTreeToIdealTree
32 silly cloneCurrentTree Finishing
33 silly loadShrinkwrap Starting
34 silly install loadShrinkwrap
35 silly loadShrinkwrap Finishing
36 silly loadAllDepsIntoIdealTree Starting
37 silly install loadAllDepsIntoIdealTree
38 silly resolveWithNewModule nudity@0.0.2 checking installable status
39 silly cache add args [ 'nudity', null ]
40 verbose cache add spec nudity
41 silly cache add parsed spec Result {
41 silly cache add   raw: 'nudity',
41 silly cache add   scope: null,
41 silly cache add   name: 'nudity',
41 silly cache add   rawSpec: '',
41 silly cache add   spec: 'latest',
41 silly cache add   type: 'tag' }
42 silly addNamed nudity@latest
43 verbose addNamed "latest" is being treated as a dist-tag for nudity
44 info addNameTag [ 'nudity', 'latest' ]
45 silly mapToRegistry name nudity
46 silly mapToRegistry using default registry
47 silly mapToRegistry registry https://registry.npmjs.org/
48 silly mapToRegistry uri https://registry.npmjs.org/nudity
49 verbose addNameTag registry:https://registry.npmjs.org/nudity not in flight; fetching
50 verbose get https://registry.npmjs.org/nudity not expired, no request
51 silly addNameTag next cb for nudity with tag latest
52 silly addNamed nudity@0.0.2
53 verbose addNamed "0.0.2" is a plain semver version for nudity
54 silly cache afterAdd nudity@0.0.2
55 verbose afterAdd /home/naimish/.npm/nudity/0.0.2/package/package.json not in flight; writing
56 verbose afterAdd /home/naimish/.npm/nudity/0.0.2/package/package.json written
57 silly fetchNamedPackageData canvas
58 silly mapToRegistry name canvas
59 silly mapToRegistry using default registry
60 silly mapToRegistry registry https://registry.npmjs.org/
61 silly mapToRegistry uri https://registry.npmjs.org/canvas
62 verbose request uri https://registry.npmjs.org/canvas
63 verbose request no auth needed
64 info attempt registry request try #1 at 12:25:08 AM
65 verbose etag W/"fdcdc2bb52b1d5be4610c23e5a5a6718"
66 verbose lastModified Sun, 06 Oct 2019 17:25:46 GMT
67 http request GET https://registry.npmjs.org/canvas
68 http 304 https://registry.npmjs.org/canvas
69 verbose headers { date: 'Fri, 11 Oct 2019 18:59:56 GMT',
69 verbose headers   connection: 'close',
69 verbose headers   'set-cookie':
69 verbose headers    [ '__cfduid=d54714d2c748e419e5799aeefe3760b881570820396; expires=Sat, 10-Oct-20 18:59:56 GMT; path=/; domain=.npmjs.org; HttpOnly' ],
69 verbose headers   'cf-cache-status': 'HIT',
69 verbose headers   'cache-control': 'max-age=300',
69 verbose headers   'cf-ray': '524312f49a40d543-DEL',
69 verbose headers   age: '19',
69 verbose headers   etag: '"fdcdc2bb52b1d5be4610c23e5a5a6718"',
69 verbose headers   'expect-ct': 'max-age=604800, report-uri="https://report-uri.cloudflare.com/cdn-cgi/beacon/expect-ct"',
69 verbose headers   'last-modified': 'Sun, 06 Oct 2019 17:25:46 GMT',
69 verbose headers   vary: 'accept-encoding, accept',
69 verbose headers   'x-amz-meta-rev': '386-86efb6f7ed2063ed6394a19777175f1f',
69 verbose headers   server: 'cloudflare' }
70 silly get cb [ 304,
70 silly get   { date: 'Fri, 11 Oct 2019 18:59:56 GMT',
70 silly get     connection: 'close',
70 silly get     'set-cookie':
70 silly get      [ '__cfduid=d54714d2c748e419e5799aeefe3760b881570820396; expires=Sat, 10-Oct-20 18:59:56 GMT; path=/; domain=.npmjs.org; HttpOnly' ],
70 silly get     'cf-cache-status': 'HIT',
70 silly get     'cache-control': 'max-age=300',
70 silly get     'cf-ray': '524312f49a40d543-DEL',
70 silly get     age: '19',
70 silly get     etag: '"fdcdc2bb52b1d5be4610c23e5a5a6718"',
70 silly get     'expect-ct': 'max-age=604800, report-uri="https://report-uri.cloudflare.com/cdn-cgi/beacon/expect-ct"',
70 silly get     'last-modified': 'Sun, 06 Oct 2019 17:25:46 GMT',
70 silly get     vary: 'accept-encoding, accept',
70 silly get     'x-amz-meta-rev': '386-86efb6f7ed2063ed6394a19777175f1f',
70 silly get     server: 'cloudflare' } ]
71 verbose etag https://registry.npmjs.org/canvas from cache
72 verbose get saving canvas to /home/naimish/.npm/registry.npmjs.org/canvas/.cache.json
73 silly resolveWithNewModule canvas@1.6.13 checking installable status
74 silly cache add args [ 'canvas@^1.1.6', null ]
75 verbose cache add spec canvas@^1.1.6
76 silly cache add parsed spec Result {
76 silly cache add   raw: 'canvas@^1.1.6',
76 silly cache add   scope: null,
76 silly cache add   name: 'canvas',
76 silly cache add   rawSpec: '^1.1.6',
76 silly cache add   spec: '>=1.1.6 <2.0.0',
76 silly cache add   type: 'range' }
77 silly addNamed canvas@>=1.1.6 <2.0.0
78 verbose addNamed ">=1.1.6 <2.0.0" is a valid semver range for canvas
79 silly addNameRange { name: 'canvas', range: '>=1.1.6 <2.0.0', hasData: false }
80 silly mapToRegistry name canvas
81 silly mapToRegistry using default registry
82 silly mapToRegistry registry https://registry.npmjs.org/
83 silly mapToRegistry uri https://registry.npmjs.org/canvas
84 verbose addNameRange registry:https://registry.npmjs.org/canvas not in flight; fetching
85 verbose get https://registry.npmjs.org/canvas not expired, no request
86 silly addNameRange number 2 { name: 'canvas', range: '>=1.1.6 <2.0.0', hasData: true }
87 silly addNameRange versions [ 'canvas',
87 silly addNameRange   [ '0.0.1',
87 silly addNameRange     '0.0.2',
87 silly addNameRange     '0.0.3',
87 silly addNameRange     '0.0.4',
87 silly addNameRange     '0.0.5',
87 silly addNameRange     '0.0.6',
87 silly addNameRange     '0.0.7',
87 silly addNameRange     '0.0.8',
87 silly addNameRange     '0.1.0',
87 silly addNameRange     '0.2.0',
87 silly addNameRange     '0.2.1',
87 silly addNameRange     '0.3.0',
87 silly addNameRange     '0.3.1',
87 silly addNameRange     '0.3.2',
87 silly addNameRange     '0.3.3',
87 silly addNameRange     '0.4.0',
87 silly addNameRange     '0.4.1',
87 silly addNameRange     '0.4.2',
87 silly addNameRange     '0.4.3',
87 silly addNameRange     '0.5.0',
87 silly addNameRange     '0.5.1',
87 silly addNameRange     '0.5.2',
87 silly addNameRange     '0.5.3',
87 silly addNameRange     '0.5.4',
87 silly addNameRange     '0.6.0',
87 silly addNameRange     '0.7.0',
87 silly addNameRange     '0.7.1',
87 silly addNameRange     '0.7.2',
87 silly addNameRange     '0.7.3',
87 silly addNameRange     '0.8.0',
87 silly addNameRange     '0.8.1',
87 silly addNameRange     '0.8.2',
87 silly addNameRange     '0.8.3',
87 silly addNameRange     '0.9.0',
87 silly addNameRange     '0.10.0',
87 silly addNameRange     '0.10.1',
87 silly addNameRange     '0.10.2',
87 silly addNameRange     '0.10.3',
87 silly addNameRange     '0.11.0',
87 silly addNameRange     '0.11.1',
87 silly addNameRange     '0.11.2',
87 silly addNameRange     '0.11.3',
87 silly addNameRange     '0.12.0',
87 silly addNameRange     '0.12.1',
87 silly addNameRange     '0.13.0',
87 silly addNameRange     '0.13.1',
87 silly addNameRange     '1.0.0',
87 silly addNameRange     '1.0.1',
87 silly addNameRange     '1.0.2',
87 silly addNameRange     '1.0.3',
87 silly addNameRange     '1.0.4',
87 silly addNameRange     '1.1.0',
87 silly addNameRange     '1.1.1',
87 silly addNameRange     '1.1.2',
87 silly addNameRange     '1.1.3',
87 silly addNameRange     '1.1.4',
87 silly addNameRange     '1.1.5',
87 silly addNameRange     '1.1.6',
87 silly addNameRange     '1.2.0',
87 silly addNameRange     '1.2.1',
87 silly addNameRange     '1.2.2',
87 silly addNameRange     '1.2.3',
87 silly addNameRange     '1.2.4',
87 silly addNameRange     '1.2.5',
87 silly addNameRange     '1.2.6',
87 silly addNameRange     '1.2.7',
87 silly addNameRange     '1.2.8',
87 silly addNameRange     '1.2.9',
87 silly addNameRange     '1.2.10',
87 silly addNameRange     '1.2.11',
87 silly addNameRange     '1.3.0',
87 silly addNameRange     '1.3.1',
87 silly addNameRange     '1.3.2',
87 silly addNameRange     '1.3.3',
87 silly addNameRange     '1.3.4',
87 silly addNameRange     '1.3.5',
87 silly addNameRange     '1.3.6',
87 silly addNameRange     '1.3.7',
87 silly addNameRange     '1.3.8',
87 silly addNameRange     '1.3.9',
87 silly addNameRange     '1.3.10',
87 silly addNameRange     '1.3.11',
87 silly addNameRange     '1.3.12',
87 silly addNameRange     '1.3.13',
87 silly addNameRange     '1.3.14',
87 silly addNameRange     '1.3.15',
87 silly addNameRange     '1.3.16',
87 silly addNameRange     '1.4.0',
87 silly addNameRange     '1.5.0',
87 silly addNameRange     '1.6.0',
87 silly addNameRange     '1.6.1',
87 silly addNameRange     '1.6.2',
87 silly addNameRange     '1.6.3',
87 silly addNameRange     '1.6.4',
87 silly addNameRange     '1.6.5',
87 silly addNameRange     '2.0.0-alpha.1',
87 silly addNameRange     '2.0.0-alpha.2',
87 silly addNameRange     '1.6.6',
87 silly addNameRange     '2.0.0-alpha.3',
87 silly addNameRange     '2.0.0-alpha.4',
87 silly addNameRange     ... 31 more items ] ]
88 silly addNamed canvas@1.6.13
89 verbose addNamed "1.6.13" is a plain semver version for canvas
90 silly cache afterAdd canvas@1.6.13
91 verbose afterAdd /home/naimish/.npm/canvas/1.6.13/package/package.json not in flight; writing
92 verbose afterAdd /home/naimish/.npm/canvas/1.6.13/package/package.json written
93 silly fetchNamedPackageData nan
94 silly mapToRegistry name nan
95 silly mapToRegistry using default registry
96 silly mapToRegistry registry https://registry.npmjs.org/
97 silly mapToRegistry uri https://registry.npmjs.org/nan
98 verbose request uri https://registry.npmjs.org/nan
99 verbose request no auth needed
100 info attempt registry request try #1 at 12:25:08 AM
101 verbose etag W/"a665a85bde8d605dbf85b9013ecf702b"
102 verbose lastModified Thu, 16 May 2019 19:11:40 GMT
103 http request GET https://registry.npmjs.org/nan
104 http 304 https://registry.npmjs.org/nan
105 verbose headers { date: 'Fri, 11 Oct 2019 18:59:56 GMT',
105 verbose headers   connection: 'close',
105 verbose headers   'set-cookie':
105 verbose headers    [ '__cfduid=d3779fd834589ab98ad600e1f2e05869f1570820396; expires=Sat, 10-Oct-20 18:59:56 GMT; path=/; domain=.npmjs.org; HttpOnly' ],
105 verbose headers   'cf-cache-status': 'HIT',
105 verbose headers   'cache-control': 'max-age=300',
105 verbose headers   'cf-ray': '524312f5c96e2f1b-DEL',
105 verbose headers   age: '3584',
105 verbose headers   etag: '"a665a85bde8d605dbf85b9013ecf702b"',
105 verbose headers   'expect-ct': 'max-age=604800, report-uri="https://report-uri.cloudflare.com/cdn-cgi/beacon/expect-ct"',
105 verbose headers   'last-modified': 'Thu, 16 May 2019 19:11:40 GMT',
105 verbose headers   vary: 'accept-encoding, accept',
105 verbose headers   'x-amz-meta-rev': '187-4027ea0c01577aa817d1396fc47fd498',
105 verbose headers   server: 'cloudflare' }
106 silly get cb [ 304,
106 silly get   { date: 'Fri, 11 Oct 2019 18:59:56 GMT',
106 silly get     connection: 'close',
106 silly get     'set-cookie':
106 silly get      [ '__cfduid=d3779fd834589ab98ad600e1f2e05869f1570820396; expires=Sat, 10-Oct-20 18:59:56 GMT; path=/; domain=.npmjs.org; HttpOnly' ],
106 silly get     'cf-cache-status': 'HIT',
106 silly get     'cache-control': 'max-age=300',
106 silly get     'cf-ray': '524312f5c96e2f1b-DEL',
106 silly get     age: '3584',
106 silly get     etag: '"a665a85bde8d605dbf85b9013ecf702b"',
106 silly get     'expect-ct': 'max-age=604800, report-uri="https://report-uri.cloudflare.com/cdn-cgi/beacon/expect-ct"',
106 silly get     'last-modified': 'Thu, 16 May 2019 19:11:40 GMT',
106 silly get     vary: 'accept-encoding, accept',
106 silly get     'x-amz-meta-rev': '187-4027ea0c01577aa817d1396fc47fd498',
106 silly get     server: 'cloudflare' } ]
107 verbose etag https://registry.npmjs.org/nan from cache
108 verbose get saving nan to /home/naimish/.npm/registry.npmjs.org/nan/.cache.json
109 silly resolveWithNewModule nan@2.14.0 checking installable status
110 silly cache add args [ 'nan@^2.10.0', null ]
111 verbose cache add spec nan@^2.10.0
112 silly cache add parsed spec Result {
112 silly cache add   raw: 'nan@^2.10.0',
112 silly cache add   scope: null,
112 silly cache add   name: 'nan',
112 silly cache add   rawSpec: '^2.10.0',
112 silly cache add   spec: '>=2.10.0 <3.0.0',
112 silly cache add   type: 'range' }
113 silly addNamed nan@>=2.10.0 <3.0.0
114 verbose addNamed ">=2.10.0 <3.0.0" is a valid semver range for nan
115 silly addNameRange { name: 'nan', range: '>=2.10.0 <3.0.0', hasData: false }
116 silly mapToRegistry name nan
117 silly mapToRegistry using default registry
118 silly mapToRegistry registry https://registry.npmjs.org/
119 silly mapToRegistry uri https://registry.npmjs.org/nan
120 verbose addNameRange registry:https://registry.npmjs.org/nan not in flight; fetching
121 verbose get https://registry.npmjs.org/nan not expired, no request
122 silly addNameRange number 2 { name: 'nan', range: '>=2.10.0 <3.0.0', hasData: true }
123 silly addNameRange versions [ 'nan',
123 silly addNameRange   [ '0.3.0-wip',
123 silly addNameRange     '0.3.0-wip2',
123 silly addNameRange     '0.3.0',
123 silly addNameRange     '0.3.1',
123 silly addNameRange     '0.3.2',
123 silly addNameRange     '0.4.0',
123 silly addNameRange     '0.4.1',
123 silly addNameRange     '0.4.2',
123 silly addNameRange     '0.4.3',
123 silly addNameRange     '0.4.4',
123 silly addNameRange     '0.5.0',
123 silly addNameRange     '0.5.1',
123 silly addNameRange     '0.5.2',
123 silly addNameRange     '0.6.0',
123 silly addNameRange     '0.7.0',
123 silly addNameRange     '0.7.1',
123 silly addNameRange     '0.8.0',
123 silly addNameRange     '1.0.0',
123 silly addNameRange     '1.1.0',
123 silly addNameRange     '1.1.1',
123 silly addNameRange     '1.1.2',
123 silly addNameRange     '1.2.0',
123 silly addNameRange     '1.3.0',
123 silly addNameRange     '1.4.0',
123 silly addNameRange     '1.4.1',
123 silly addNameRange     '1.5.0',
123 silly addNameRange     '1.4.2',
123 silly addNameRange     '1.4.3',
123 silly addNameRange     '1.5.1',
123 silly addNameRange     '1.5.2',
123 silly addNameRange     '1.6.0',
123 silly addNameRange     '1.5.3',
123 silly addNameRange     '1.6.1',
123 silly addNameRange     '1.6.2',
123 silly addNameRange     '1.7.0',
123 silly addNameRange     '1.8.0',
123 silly addNameRange     '1.8.1',
123 silly addNameRange     '1.8.2',
123 silly addNameRange     '1.8.3',
123 silly addNameRange     '1.8.4',
123 silly addNameRange     '1.9.0',
123 silly addNameRange     '2.0.0',
123 silly addNameRange     '2.0.1',
123 silly addNameRange     '2.0.2',
123 silly addNameRange     '2.0.3',
123 silly addNameRange     '2.0.4',
123 silly addNameRange     '2.0.5',
123 silly addNameRange     '2.0.6',
123 silly addNameRange     '2.0.7',
123 silly addNameRange     '2.0.8',
123 silly addNameRange     '2.0.9',
123 silly addNameRange     '2.1.0',
123 silly addNameRange     '2.2.0',
123 silly addNameRange     '2.2.1',
123 silly addNameRange     '2.3.0',
123 silly addNameRange     '2.3.1',
123 silly addNameRange     '2.3.2',
123 silly addNameRange     '2.3.3',
123 silly addNameRange     '2.3.4',
123 silly addNameRange     '2.3.5',
123 silly addNameRange     '2.4.0',
123 silly addNameRange     '2.5.0',
123 silly addNameRange     '2.5.1',
123 silly addNameRange     '2.6.0',
123 silly addNameRange     '2.6.1',
123 silly addNameRange     '2.6.2',
123 silly addNameRange     '2.7.0',
123 silly addNameRange     '2.8.0',
123 silly addNameRange     '2.9.1',
123 silly addNameRange     '2.9.2',
123 silly addNameRange     '2.10.0',
123 silly addNameRange     '2.11.0',
123 silly addNameRange     '2.11.1',
123 silly addNameRange     '2.12.0',
123 silly addNameRange     '2.12.1',
123 silly addNameRange     '2.13.0',
123 silly addNameRange     '2.13.1',
123 silly addNameRange     '2.13.2',
123 silly addNameRange     '2.14.0' ] ]
124 silly addNamed nan@2.14.0
125 verbose addNamed "2.14.0" is a plain semver version for nan
126 silly cache afterAdd nan@2.14.0
127 verbose afterAdd /home/naimish/.npm/nan/2.14.0/package/package.json not in flight; writing
128 verbose afterAdd /home/naimish/.npm/nan/2.14.0/package/package.json written
129 silly loadAllDepsIntoIdealTree Finishing
130 silly idealTree:prePrune naimish
130 silly idealTree:prePrune +-- @octokit/endpoint@5.3.2
130 silly idealTree:prePrune +-- @octokit/request-error@1.0.4
130 silly idealTree:prePrune +-- @octokit/request@5.0.2
130 silly idealTree:prePrune +-- @octokit/rest@16.28.7
130 silly idealTree:prePrune +-- accepts@1.3.7
130 silly idealTree:prePrune +-- ansi-align@3.0.0
130 silly idealTree:prePrune +-- ansi-escapes@3.2.0
130 silly idealTree:prePrune +-- ansi-regex@4.1.0
130 silly idealTree:prePrune +-- ansi-styles@3.2.1
130 silly idealTree:prePrune +-- array-flatten@1.1.1
130 silly idealTree:prePrune +-- atob-lite@2.0.0
130 silly idealTree:prePrune +-- before-after-hook@2.1.0
130 silly idealTree:prePrune +-- bignumber.js@7.2.1
130 silly idealTree:prePrune +-- body-parser@1.19.0
130 silly idealTree:prePrune +-- boxen@3.2.0
130 silly idealTree:prePrune +-- btoa-lite@1.0.0
130 silly idealTree:prePrune +-- bytes@3.1.0
130 silly idealTree:prePrune +-- camelcase@5.3.1
130 silly idealTree:prePrune +-- canvas@1.6.13
130 silly idealTree:prePrune +-- chalk@2.4.2
130 silly idealTree:prePrune +-- chardet@0.7.0
130 silly idealTree:prePrune +-- cli-boxes@2.2.0
130 silly idealTree:prePrune +-- cli-cursor@2.1.0
130 silly idealTree:prePrune +-- cli-width@2.2.0
130 silly idealTree:prePrune +-- color-convert@1.9.3
130 silly idealTree:prePrune +-- color-name@1.1.3
130 silly idealTree:prePrune +-- commander@2.20.0
130 silly idealTree:prePrune +-- content-disposition@0.5.3
130 silly idealTree:prePrune +-- content-type@1.0.4
130 silly idealTree:prePrune +-- cookie-signature@1.0.6
130 silly idealTree:prePrune +-- cookie@0.4.0
130 silly idealTree:prePrune +-- core-util-is@1.0.2
130 silly idealTree:prePrune +-- cross-spawn@5.1.0
130 silly idealTree:prePrune +-- debug@2.6.9
130 silly idealTree:prePrune +-- deepmerge@4.0.0
130 silly idealTree:prePrune +-- depd@1.1.2
130 silly idealTree:prePrune +-- deprecation@2.3.1
130 silly idealTree:prePrune +-- destroy@1.0.4
130 silly idealTree:prePrune +-- ee-first@1.1.1
130 silly idealTree:prePrune +-- emoji-regex@7.0.3
130 silly idealTree:prePrune +-- encodeurl@1.0.2
130 silly idealTree:prePrune +-- end-of-stream@1.4.1
130 silly idealTree:prePrune +-- escape-html@1.0.3
130 silly idealTree:prePrune +-- escape-string-regexp@1.0.5
130 silly idealTree:prePrune +-- etag@1.8.1
130 silly idealTree:prePrune +-- execa@0.7.0
130 silly idealTree:prePrune +-- express@4.17.1
130 silly idealTree:prePrune +-- external-editor@3.1.0
130 silly idealTree:prePrune +-- figures@2.0.0
130 silly idealTree:prePrune +-- finalhandler@1.1.2
130 silly idealTree:prePrune +-- forwarded@0.1.2
130 silly idealTree:prePrune +-- fresh@0.5.2
130 silly idealTree:prePrune +-- get-stream@3.0.0
130 silly idealTree:prePrune +-- good-first-issue@0.27.2
130 silly idealTree:prePrune +-- has-flag@3.0.0
130 silly idealTree:prePrune +-- http-errors@1.7.2
130 silly idealTree:prePrune +-- iconv-lite@0.4.24
130 silly idealTree:prePrune +-- inherits@2.0.3
130 silly idealTree:prePrune +-- inquirer@6.5.2
130 silly idealTree:prePrune | +-- ansi-regex@3.0.0
130 silly idealTree:prePrune | `-- string-width@2.1.1
130 silly idealTree:prePrune |   `-- strip-ansi@4.0.0
130 silly idealTree:prePrune +-- ipaddr.js@1.9.0
130 silly idealTree:prePrune +-- is-fullwidth-code-point@2.0.0
130 silly idealTree:prePrune +-- is-plain-object@3.0.0
130 silly idealTree:prePrune +-- is-promise@2.1.0
130 silly idealTree:prePrune +-- is-stream@1.1.0
130 silly idealTree:prePrune +-- is-wsl@1.1.0
130 silly idealTree:prePrune +-- isarray@1.0.0
130 silly idealTree:prePrune +-- isexe@2.0.0
130 silly idealTree:prePrune +-- isobject@4.0.0
130 silly idealTree:prePrune +-- libgfi@1.0.2
130 silly idealTree:prePrune +-- lodash.get@4.4.2
130 silly idealTree:prePrune +-- lodash.set@4.3.2
130 silly idealTree:prePrune +-- lodash.uniq@4.5.0
130 silly idealTree:prePrune +-- lodash@4.17.15
130 silly idealTree:prePrune +-- lru-cache@4.1.5
130 silly idealTree:prePrune +-- macos-release@2.3.0
130 silly idealTree:prePrune +-- media-typer@0.3.0
130 silly idealTree:prePrune +-- merge-descriptors@1.0.1
130 silly idealTree:prePrune +-- methods@1.1.2
130 silly idealTree:prePrune +-- mime-db@1.40.0
130 silly idealTree:prePrune +-- mime-types@2.1.24
130 silly idealTree:prePrune +-- mime@1.6.0
130 silly idealTree:prePrune +-- mimic-fn@1.2.0
130 silly idealTree:prePrune +-- ms@2.0.0
130 silly idealTree:prePrune +-- mute-stream@0.0.7
130 silly idealTree:prePrune +-- mysql@2.17.1
130 silly idealTree:prePrune +-- nan@2.14.0
130 silly idealTree:prePrune +-- negotiator@0.6.2
130 silly idealTree:prePrune +-- nice-try@1.0.5
130 silly idealTree:prePrune +-- node-fetch@2.6.0
130 silly idealTree:prePrune +-- npm-run-path@2.0.2
130 silly idealTree:prePrune +-- nudity@0.0.2
130 silly idealTree:prePrune +-- octokit-pagination-methods@1.1.0
130 silly idealTree:prePrune +-- on-finished@2.3.0
130 silly idealTree:prePrune +-- once@1.4.0
130 silly idealTree:prePrune +-- onetime@2.0.1
130 silly idealTree:prePrune +-- open@6.4.0
130 silly idealTree:prePrune +-- os-name@3.1.0
130 silly idealTree:prePrune +-- os-tmpdir@1.0.2
130 silly idealTree:prePrune +-- p-finally@1.0.0
130 silly idealTree:prePrune +-- parseurl@1.3.3
130 silly idealTree:prePrune +-- path-key@2.0.1
130 silly idealTree:prePrune +-- path-to-regexp@0.1.7
130 silly idealTree:prePrune +-- process-nextick-args@2.0.1
130 silly idealTree:prePrune +-- proxy-addr@2.0.5
130 silly idealTree:prePrune +-- pseudomap@1.0.2
130 silly idealTree:prePrune +-- pump@3.0.0
130 silly idealTree:prePrune +-- qs@6.7.0
130 silly idealTree:prePrune +-- range-parser@1.2.1
130 silly idealTree:prePrune +-- raw-body@2.4.0
130 silly idealTree:prePrune +-- readable-stream@2.3.6
130 silly idealTree:prePrune +-- restore-cursor@2.0.0
130 silly idealTree:prePrune +-- run-async@2.3.0
130 silly idealTree:prePrune +-- rxjs@6.5.2
130 silly idealTree:prePrune +-- safe-buffer@5.1.2
130 silly idealTree:prePrune +-- safer-buffer@2.1.2
130 silly idealTree:prePrune +-- semver@5.7.1
130 silly idealTree:prePrune +-- send@0.17.1
130 silly idealTree:prePrune | `-- ms@2.1.1
130 silly idealTree:prePrune +-- serve-static@1.14.1
130 silly idealTree:prePrune +-- setprototypeof@1.1.1
130 silly idealTree:prePrune +-- shebang-command@1.2.0
130 silly idealTree:prePrune +-- shebang-regex@1.0.0
130 silly idealTree:prePrune +-- signal-exit@3.0.2
130 silly idealTree:prePrune +-- sqlstring@2.3.1
130 silly idealTree:prePrune +-- statuses@1.5.0
130 silly idealTree:prePrune +-- string_decoder@1.1.1
130 silly idealTree:prePrune +-- string-width@3.1.0
130 silly idealTree:prePrune +-- strip-ansi@5.2.0
130 silly idealTree:prePrune +-- strip-eof@1.0.0
130 silly idealTree:prePrune +-- supports-color@5.5.0
130 silly idealTree:prePrune +-- term-size@1.2.0
130 silly idealTree:prePrune +-- through@2.3.8
130 silly idealTree:prePrune +-- tmp@0.0.33
130 silly idealTree:prePrune +-- toidentifier@1.0.0
130 silly idealTree:prePrune +-- tslib@1.10.0
130 silly idealTree:prePrune +-- type-fest@0.3.1
130 silly idealTree:prePrune +-- type-is@1.6.18
130 silly idealTree:prePrune +-- universal-user-agent@3.0.0
130 silly idealTree:prePrune +-- unpipe@1.0.0
130 silly idealTree:prePrune +-- url-template@2.0.8
130 silly idealTree:prePrune +-- util-deprecate@1.0.2
130 silly idealTree:prePrune +-- utils-merge@1.0.1
130 silly idealTree:prePrune +-- vary@1.1.2
130 silly idealTree:prePrune +-- which@1.3.1
130 silly idealTree:prePrune +-- widest-line@2.0.1
130 silly idealTree:prePrune | +-- ansi-regex@3.0.0
130 silly idealTree:prePrune | +-- string-width@2.1.1
130 silly idealTree:prePrune | `-- strip-ansi@4.0.0
130 silly idealTree:prePrune +-- windows-release@3.2.0
130 silly idealTree:prePrune | +-- cross-spawn@6.0.5
130 silly idealTree:prePrune | +-- execa@1.0.0
130 silly idealTree:prePrune | `-- get-stream@4.1.0
130 silly idealTree:prePrune +-- wrappy@1.0.2
130 silly idealTree:prePrune `-- yallist@2.1.2
131 silly loadIdealTree Finishing
132 silly currentTree naimish
132 silly currentTree +-- @octokit/endpoint@5.3.2
132 silly currentTree +-- @octokit/request-error@1.0.4
132 silly currentTree +-- @octokit/request@5.0.2
132 silly currentTree +-- @octokit/rest@16.28.7
132 silly currentTree +-- accepts@1.3.7
132 silly currentTree +-- ansi-align@3.0.0
132 silly currentTree +-- ansi-escapes@3.2.0
132 silly currentTree +-- ansi-regex@4.1.0
132 silly currentTree +-- ansi-styles@3.2.1
132 silly currentTree +-- array-flatten@1.1.1
132 silly currentTree +-- atob-lite@2.0.0
132 silly currentTree +-- before-after-hook@2.1.0
132 silly currentTree +-- bignumber.js@7.2.1
132 silly currentTree +-- body-parser@1.19.0
132 silly currentTree +-- boxen@3.2.0
132 silly currentTree +-- btoa-lite@1.0.0
132 silly currentTree +-- bytes@3.1.0
132 silly currentTree +-- camelcase@5.3.1
132 silly currentTree +-- chalk@2.4.2
132 silly currentTree +-- chardet@0.7.0
132 silly currentTree +-- cli-boxes@2.2.0
132 silly currentTree +-- cli-cursor@2.1.0
132 silly currentTree +-- cli-width@2.2.0
132 silly currentTree +-- color-convert@1.9.3
132 silly currentTree +-- color-name@1.1.3
132 silly currentTree +-- commander@2.20.0
132 silly currentTree +-- content-disposition@0.5.3
132 silly currentTree +-- content-type@1.0.4
132 silly currentTree +-- cookie-signature@1.0.6
132 silly currentTree +-- cookie@0.4.0
132 silly currentTree +-- core-util-is@1.0.2
132 silly currentTree +-- cross-spawn@5.1.0
132 silly currentTree +-- debug@2.6.9
132 silly currentTree +-- deepmerge@4.0.0
132 silly currentTree +-- depd@1.1.2
132 silly currentTree +-- deprecation@2.3.1
132 silly currentTree +-- destroy@1.0.4
132 silly currentTree +-- ee-first@1.1.1
132 silly currentTree +-- emoji-regex@7.0.3
132 silly currentTree +-- encodeurl@1.0.2
132 silly currentTree +-- end-of-stream@1.4.1
132 silly currentTree +-- escape-html@1.0.3
132 silly currentTree +-- escape-string-regexp@1.0.5
132 silly currentTree +-- etag@1.8.1
132 silly currentTree +-- execa@0.7.0
132 silly currentTree +-- express@4.17.1
132 silly currentTree +-- external-editor@3.1.0
132 silly currentTree +-- figures@2.0.0
132 silly currentTree +-- finalhandler@1.1.2
132 silly currentTree +-- forwarded@0.1.2
132 silly currentTree +-- fresh@0.5.2
132 silly currentTree +-- get-stream@3.0.0
132 silly currentTree +-- good-first-issue@0.27.2
132 silly currentTree +-- has-flag@3.0.0
132 silly currentTree +-- http-errors@1.7.2
132 silly currentTree +-- iconv-lite@0.4.24
132 silly currentTree +-- inherits@2.0.3
132 silly currentTree +-- inquirer@6.5.2
132 silly currentTree | +-- ansi-regex@3.0.0
132 silly currentTree | `-- string-width@2.1.1
132 silly currentTree |   `-- strip-ansi@4.0.0
132 silly currentTree +-- ipaddr.js@1.9.0
132 silly currentTree +-- is-fullwidth-code-point@2.0.0
132 silly currentTree +-- is-plain-object@3.0.0
132 silly currentTree +-- is-promise@2.1.0
132 silly currentTree +-- is-stream@1.1.0
132 silly currentTree +-- is-wsl@1.1.0
132 silly currentTree +-- isarray@1.0.0
132 silly currentTree +-- isexe@2.0.0
132 silly currentTree +-- isobject@4.0.0
132 silly currentTree +-- libgfi@1.0.2
132 silly currentTree +-- lodash.get@4.4.2
132 silly currentTree +-- lodash.set@4.3.2
132 silly currentTree +-- lodash.uniq@4.5.0
132 silly currentTree +-- lodash@4.17.15
132 silly currentTree +-- lru-cache@4.1.5
132 silly currentTree +-- macos-release@2.3.0
132 silly currentTree +-- media-typer@0.3.0
132 silly currentTree +-- merge-descriptors@1.0.1
132 silly currentTree +-- methods@1.1.2
132 silly currentTree +-- mime-db@1.40.0
132 silly currentTree +-- mime-types@2.1.24
132 silly currentTree +-- mime@1.6.0
132 silly currentTree +-- mimic-fn@1.2.0
132 silly currentTree +-- ms@2.0.0
132 silly currentTree +-- mute-stream@0.0.7
132 silly currentTree +-- mysql@2.17.1
132 silly currentTree +-- negotiator@0.6.2
132 silly currentTree +-- nice-try@1.0.5
132 silly currentTree +-- node-fetch@2.6.0
132 silly currentTree +-- npm-run-path@2.0.2
132 silly currentTree +-- octokit-pagination-methods@1.1.0
132 silly currentTree +-- on-finished@2.3.0
132 silly currentTree +-- once@1.4.0
132 silly currentTree +-- onetime@2.0.1
132 silly currentTree +-- open@6.4.0
132 silly currentTree +-- os-name@3.1.0
132 silly currentTree +-- os-tmpdir@1.0.2
132 silly currentTree +-- p-finally@1.0.0
132 silly currentTree +-- parseurl@1.3.3
132 silly currentTree +-- path-key@2.0.1
132 silly currentTree +-- path-to-regexp@0.1.7
132 silly currentTree +-- process-nextick-args@2.0.1
132 silly currentTree +-- proxy-addr@2.0.5
132 silly currentTree +-- pseudomap@1.0.2
132 silly currentTree +-- pump@3.0.0
132 silly currentTree +-- qs@6.7.0
132 silly currentTree +-- range-parser@1.2.1
132 silly currentTree +-- raw-body@2.4.0
132 silly currentTree +-- readable-stream@2.3.6
132 silly currentTree +-- restore-cursor@2.0.0
132 silly currentTree +-- run-async@2.3.0
132 silly currentTree +-- rxjs@6.5.2
132 silly currentTree +-- safe-buffer@5.1.2
132 silly currentTree +-- safer-buffer@2.1.2
132 silly currentTree +-- semver@5.7.1
132 silly currentTree +-- send@0.17.1
132 silly currentTree | `-- ms@2.1.1
132 silly currentTree +-- serve-static@1.14.1
132 silly currentTree +-- setprototypeof@1.1.1
132 silly currentTree +-- shebang-command@1.2.0
132 silly currentTree +-- shebang-regex@1.0.0
132 silly currentTree +-- signal-exit@3.0.2
132 silly currentTree +-- sqlstring@2.3.1
132 silly currentTree +-- statuses@1.5.0
132 silly currentTree +-- string_decoder@1.1.1
132 silly currentTree +-- string-width@3.1.0
132 silly currentTree +-- strip-ansi@5.2.0
132 silly currentTree +-- strip-eof@1.0.0
132 silly currentTree +-- supports-color@5.5.0
132 silly currentTree +-- term-size@1.2.0
132 silly currentTree +-- through@2.3.8
132 silly currentTree +-- tmp@0.0.33
132 silly currentTree +-- toidentifier@1.0.0
132 silly currentTree +-- tslib@1.10.0
132 silly currentTree +-- type-fest@0.3.1
132 silly currentTree +-- type-is@1.6.18
132 silly currentTree +-- universal-user-agent@3.0.0
132 silly currentTree +-- unpipe@1.0.0
132 silly currentTree +-- url-template@2.0.8
132 silly currentTree +-- util-deprecate@1.0.2
132 silly currentTree +-- utils-merge@1.0.1
132 silly currentTree +-- vary@1.1.2
132 silly currentTree +-- which@1.3.1
132 silly currentTree +-- widest-line@2.0.1
132 silly currentTree | +-- ansi-regex@3.0.0
132 silly currentTree | +-- string-width@2.1.1
132 silly currentTree | `-- strip-ansi@4.0.0
132 silly currentTree +-- windows-release@3.2.0
132 silly currentTree | +-- cross-spawn@6.0.5
132 silly currentTree | +-- execa@1.0.0
132 silly currentTree | `-- get-stream@4.1.0
132 silly currentTree +-- wrappy@1.0.2
132 silly currentTree `-- yallist@2.1.2
133 silly idealTree naimish
133 silly idealTree +-- @octokit/endpoint@5.3.2
133 silly idealTree +-- @octokit/request-error@1.0.4
133 silly idealTree +-- @octokit/request@5.0.2
133 silly idealTree +-- @octokit/rest@16.28.7
133 silly idealTree +-- accepts@1.3.7
133 silly idealTree +-- ansi-align@3.0.0
133 silly idealTree +-- ansi-escapes@3.2.0
133 silly idealTree +-- ansi-regex@4.1.0
133 silly idealTree +-- ansi-styles@3.2.1
133 silly idealTree +-- array-flatten@1.1.1
133 silly idealTree +-- atob-lite@2.0.0
133 silly idealTree +-- before-after-hook@2.1.0
133 silly idealTree +-- bignumber.js@7.2.1
133 silly idealTree +-- body-parser@1.19.0
133 silly idealTree +-- boxen@3.2.0
133 silly idealTree +-- btoa-lite@1.0.0
133 silly idealTree +-- bytes@3.1.0
133 silly idealTree +-- camelcase@5.3.1
133 silly idealTree +-- canvas@1.6.13
133 silly idealTree +-- chalk@2.4.2
133 silly idealTree +-- chardet@0.7.0
133 silly idealTree +-- cli-boxes@2.2.0
133 silly idealTree +-- cli-cursor@2.1.0
133 silly idealTree +-- cli-width@2.2.0
133 silly idealTree +-- color-convert@1.9.3
133 silly idealTree +-- color-name@1.1.3
133 silly idealTree +-- commander@2.20.0
133 silly idealTree +-- content-disposition@0.5.3
133 silly idealTree +-- content-type@1.0.4
133 silly idealTree +-- cookie-signature@1.0.6
133 silly idealTree +-- cookie@0.4.0
133 silly idealTree +-- core-util-is@1.0.2
133 silly idealTree +-- cross-spawn@5.1.0
133 silly idealTree +-- debug@2.6.9
133 silly idealTree +-- deepmerge@4.0.0
133 silly idealTree +-- depd@1.1.2
133 silly idealTree +-- deprecation@2.3.1
133 silly idealTree +-- destroy@1.0.4
133 silly idealTree +-- ee-first@1.1.1
133 silly idealTree +-- emoji-regex@7.0.3
133 silly idealTree +-- encodeurl@1.0.2
133 silly idealTree +-- end-of-stream@1.4.1
133 silly idealTree +-- escape-html@1.0.3
133 silly idealTree +-- escape-string-regexp@1.0.5
133 silly idealTree +-- etag@1.8.1
133 silly idealTree +-- execa@0.7.0
133 silly idealTree +-- express@4.17.1
133 silly idealTree +-- external-editor@3.1.0
133 silly idealTree +-- figures@2.0.0
133 silly idealTree +-- finalhandler@1.1.2
133 silly idealTree +-- forwarded@0.1.2
133 silly idealTree +-- fresh@0.5.2
133 silly idealTree +-- get-stream@3.0.0
133 silly idealTree +-- good-first-issue@0.27.2
133 silly idealTree +-- has-flag@3.0.0
133 silly idealTree +-- http-errors@1.7.2
133 silly idealTree +-- iconv-lite@0.4.24
133 silly idealTree +-- inherits@2.0.3
133 silly idealTree +-- inquirer@6.5.2
133 silly idealTree | +-- ansi-regex@3.0.0
133 silly idealTree | `-- string-width@2.1.1
133 silly idealTree |   `-- strip-ansi@4.0.0
133 silly idealTree +-- ipaddr.js@1.9.0
133 silly idealTree +-- is-fullwidth-code-point@2.0.0
133 silly idealTree +-- is-plain-object@3.0.0
133 silly idealTree +-- is-promise@2.1.0
133 silly idealTree +-- is-stream@1.1.0
133 silly idealTree +-- is-wsl@1.1.0
133 silly idealTree +-- isarray@1.0.0
133 silly idealTree +-- isexe@2.0.0
133 silly idealTree +-- isobject@4.0.0
133 silly idealTree +-- libgfi@1.0.2
133 silly idealTree +-- lodash.get@4.4.2
133 silly idealTree +-- lodash.set@4.3.2
133 silly idealTree +-- lodash.uniq@4.5.0
133 silly idealTree +-- lodash@4.17.15
133 silly idealTree +-- lru-cache@4.1.5
133 silly idealTree +-- macos-release@2.3.0
133 silly idealTree +-- media-typer@0.3.0
133 silly idealTree +-- merge-descriptors@1.0.1
133 silly idealTree +-- methods@1.1.2
133 silly idealTree +-- mime-db@1.40.0
133 silly idealTree +-- mime-types@2.1.24
133 silly idealTree +-- mime@1.6.0
133 silly idealTree +-- mimic-fn@1.2.0
133 silly idealTree +-- ms@2.0.0
133 silly idealTree +-- mute-stream@0.0.7
133 silly idealTree +-- mysql@2.17.1
133 silly idealTree +-- nan@2.14.0
133 silly idealTree +-- negotiator@0.6.2
133 silly idealTree +-- nice-try@1.0.5
133 silly idealTree +-- node-fetch@2.6.0
133 silly idealTree +-- npm-run-path@2.0.2
133 silly idealTree +-- nudity@0.0.2
133 silly idealTree +-- octokit-pagination-methods@1.1.0
133 silly idealTree +-- on-finished@2.3.0
133 silly idealTree +-- once@1.4.0
133 silly idealTree +-- onetime@2.0.1
133 silly idealTree +-- open@6.4.0
133 silly idealTree +-- os-name@3.1.0
133 silly idealTree +-- os-tmpdir@1.0.2
133 silly idealTree +-- p-finally@1.0.0
133 silly idealTree +-- parseurl@1.3.3
133 silly idealTree +-- path-key@2.0.1
133 silly idealTree +-- path-to-regexp@0.1.7
133 silly idealTree +-- process-nextick-args@2.0.1
133 silly idealTree +-- proxy-addr@2.0.5
133 silly idealTree +-- pseudomap@1.0.2
133 silly idealTree +-- pump@3.0.0
133 silly idealTree +-- qs@6.7.0
133 silly idealTree +-- range-parser@1.2.1
133 silly idealTree +-- raw-body@2.4.0
133 silly idealTree +-- readable-stream@2.3.6
133 silly idealTree +-- restore-cursor@2.0.0
133 silly idealTree +-- run-async@2.3.0
133 silly idealTree +-- rxjs@6.5.2
133 silly idealTree +-- safe-buffer@5.1.2
133 silly idealTree +-- safer-buffer@2.1.2
133 silly idealTree +-- semver@5.7.1
133 silly idealTree +-- send@0.17.1
133 silly idealTree | `-- ms@2.1.1
133 silly idealTree +-- serve-static@1.14.1
133 silly idealTree +-- setprototypeof@1.1.1
133 silly idealTree +-- shebang-command@1.2.0
133 silly idealTree +-- shebang-regex@1.0.0
133 silly idealTree +-- signal-exit@3.0.2
133 silly idealTree +-- sqlstring@2.3.1
133 silly idealTree +-- statuses@1.5.0
133 silly idealTree +-- string_decoder@1.1.1
133 silly idealTree +-- string-width@3.1.0
133 silly idealTree +-- strip-ansi@5.2.0
133 silly idealTree +-- strip-eof@1.0.0
133 silly idealTree +-- supports-color@5.5.0
133 silly idealTree +-- term-size@1.2.0
133 silly idealTree +-- through@2.3.8
133 silly idealTree +-- tmp@0.0.33
133 silly idealTree +-- toidentifier@1.0.0
133 silly idealTree +-- tslib@1.10.0
133 silly idealTree +-- type-fest@0.3.1
133 silly idealTree +-- type-is@1.6.18
133 silly idealTree +-- universal-user-agent@3.0.0
133 silly idealTree +-- unpipe@1.0.0
133 silly idealTree +-- url-template@2.0.8
133 silly idealTree +-- util-deprecate@1.0.2
133 silly idealTree +-- utils-merge@1.0.1
133 silly idealTree +-- vary@1.1.2
133 silly idealTree +-- which@1.3.1
133 silly idealTree +-- widest-line@2.0.1
133 silly idealTree | +-- ansi-regex@3.0.0
133 silly idealTree | +-- string-width@2.1.1
133 silly idealTree | `-- strip-ansi@4.0.0
133 silly idealTree +-- windows-release@3.2.0
133 silly idealTree | +-- cross-spawn@6.0.5
133 silly idealTree | +-- execa@1.0.0
133 silly idealTree | `-- get-stream@4.1.0
133 silly idealTree +-- wrappy@1.0.2
133 silly idealTree `-- yallist@2.1.2
134 silly generateActionsToTake Starting
135 silly install generateActionsToTake
136 silly generateActionsToTake Finishing
137 silly diffTrees action count 6
138 silly diffTrees add nan@2.14.0
139 silly diffTrees add canvas@1.6.13
140 silly diffTrees update express@4.17.1
141 silly diffTrees update good-first-issue@0.27.2
142 silly diffTrees update mysql@2.17.1
143 silly diffTrees add nudity@0.0.2
144 silly decomposeActions action count 48
145 silly decomposeActions fetch nan@2.14.0
146 silly decomposeActions extract nan@2.14.0
147 silly decomposeActions test nan@2.14.0
148 silly decomposeActions preinstall nan@2.14.0
149 silly decomposeActions build nan@2.14.0
150 silly decomposeActions install nan@2.14.0
151 silly decomposeActions postinstall nan@2.14.0
152 silly decomposeActions finalize nan@2.14.0
153 silly decomposeActions fetch canvas@1.6.13
154 silly decomposeActions extract canvas@1.6.13
155 silly decomposeActions test canvas@1.6.13
156 silly decomposeActions preinstall canvas@1.6.13
157 silly decomposeActions build canvas@1.6.13
158 silly decomposeActions install canvas@1.6.13
159 silly decomposeActions postinstall canvas@1.6.13
160 silly decomposeActions finalize canvas@1.6.13
161 silly decomposeActions fetch express@4.17.1
162 silly decomposeActions extract express@4.17.1
163 silly decomposeActions test express@4.17.1
164 silly decomposeActions preinstall express@4.17.1
165 silly decomposeActions build express@4.17.1
166 silly decomposeActions install express@4.17.1
167 silly decomposeActions postinstall express@4.17.1
168 silly decomposeActions finalize express@4.17.1
169 silly decomposeActions fetch good-first-issue@0.27.2
170 silly decomposeActions extract good-first-issue@0.27.2
171 silly decomposeActions test good-first-issue@0.27.2
172 silly decomposeActions preinstall good-first-issue@0.27.2
173 silly decomposeActions build good-first-issue@0.27.2
174 silly decomposeActions install good-first-issue@0.27.2
175 silly decomposeActions postinstall good-first-issue@0.27.2
176 silly decomposeActions finalize good-first-issue@0.27.2
177 silly decomposeActions fetch mysql@2.17.1
178 silly decomposeActions extract mysql@2.17.1
179 silly decomposeActions test mysql@2.17.1
180 silly decomposeActions preinstall mysql@2.17.1
181 silly decomposeActions build mysql@2.17.1
182 silly decomposeActions install mysql@2.17.1
183 silly decomposeActions postinstall mysql@2.17.1
184 silly decomposeActions finalize mysql@2.17.1
185 silly decomposeActions fetch nudity@0.0.2
186 silly decomposeActions extract nudity@0.0.2
187 silly decomposeActions test nudity@0.0.2
188 silly decomposeActions preinstall nudity@0.0.2
189 silly decomposeActions build nudity@0.0.2
190 silly decomposeActions install nudity@0.0.2
191 silly decomposeActions postinstall nudity@0.0.2
192 silly decomposeActions finalize nudity@0.0.2
193 silly executeActions Starting
194 silly install executeActions
195 silly doSerial global-install 0
196 silly doParallel fetch 6
197 verbose lock using /home/naimish/.npm/_locks/staging-9e62602225db4bca.lock for /home/naimish/node_modules/.staging
198 silly doParallel extract 6
199 silly extract nan@2.14.0
200 silly extract canvas@1.6.13
201 silly extract express@4.17.1
202 silly extract good-first-issue@0.27.2
203 silly extract mysql@2.17.1
204 silly extract nudity@0.0.2
205 verbose unbuild node_modules/.staging/nan-6a8dbe03
206 verbose unbuild node_modules/.staging/canvas-6582d713
207 verbose unbuild node_modules/.staging/express-691d78a1
208 verbose unbuild node_modules/.staging/mysql-5d646561
209 verbose unbuild node_modules/.staging/nudity-09d604b1
210 verbose unbuild node_modules/.staging/good-first-issue-bce6802f
211 silly gentlyRm /home/naimish/node_modules/.staging/nan-6a8dbe03 is being purged from base /home/naimish
212 verbose gentlyRm don't care about contents; nuking /home/naimish/node_modules/.staging/nan-6a8dbe03
213 silly gentlyRm /home/naimish/node_modules/.staging/canvas-6582d713 is being purged from base /home/naimish
214 verbose gentlyRm don't care about contents; nuking /home/naimish/node_modules/.staging/canvas-6582d713
215 silly gentlyRm /home/naimish/node_modules/.staging/express-691d78a1 is being purged from base /home/naimish
216 verbose gentlyRm don't care about contents; nuking /home/naimish/node_modules/.staging/express-691d78a1
217 silly gentlyRm /home/naimish/node_modules/.staging/mysql-5d646561 is being purged from base /home/naimish
218 verbose gentlyRm don't care about contents; nuking /home/naimish/node_modules/.staging/mysql-5d646561
219 silly gentlyRm /home/naimish/node_modules/.staging/nudity-09d604b1 is being purged from base /home/naimish
220 verbose gentlyRm don't care about contents; nuking /home/naimish/node_modules/.staging/nudity-09d604b1
221 verbose tar unpack /home/naimish/.npm/nan/2.14.0/package.tgz
222 verbose tar unpacking to /home/naimish/node_modules/.staging/nan-6a8dbe03
223 silly gentlyRm /home/naimish/node_modules/.staging/nan-6a8dbe03 is being purged
224 verbose gentlyRm don't care about contents; nuking /home/naimish/node_modules/.staging/nan-6a8dbe03
225 verbose tar unpack /home/naimish/.npm/canvas/1.6.13/package.tgz
226 verbose tar unpacking to /home/naimish/node_modules/.staging/canvas-6582d713
227 silly gentlyRm /home/naimish/node_modules/.staging/canvas-6582d713 is being purged
228 verbose gentlyRm don't care about contents; nuking /home/naimish/node_modules/.staging/canvas-6582d713
229 silly gentlyRm /home/naimish/node_modules/.staging/good-first-issue-bce6802f is being purged from base /home/naimish
230 verbose gentlyRm don't care about contents; nuking /home/naimish/node_modules/.staging/good-first-issue-bce6802f
231 verbose tar unpack /home/naimish/.npm/express/4.17.1/package.tgz
232 verbose tar unpacking to /home/naimish/node_modules/.staging/express-691d78a1
233 silly gentlyRm /home/naimish/node_modules/.staging/express-691d78a1 is being purged
234 verbose gentlyRm don't care about contents; nuking /home/naimish/node_modules/.staging/express-691d78a1
235 verbose tar unpack /home/naimish/.npm/mysql/2.17.1/package.tgz
236 verbose tar unpacking to /home/naimish/node_modules/.staging/mysql-5d646561
237 silly gentlyRm /home/naimish/node_modules/.staging/mysql-5d646561 is being purged
238 verbose gentlyRm don't care about contents; nuking /home/naimish/node_modules/.staging/mysql-5d646561
239 verbose tar unpack /home/naimish/.npm/nudity/0.0.2/package.tgz
240 verbose tar unpacking to /home/naimish/node_modules/.staging/nudity-09d604b1
241 silly gentlyRm /home/naimish/node_modules/.staging/nudity-09d604b1 is being purged
242 verbose gentlyRm don't care about contents; nuking /home/naimish/node_modules/.staging/nudity-09d604b1
243 silly gunzTarPerm modes [ '755', '644' ]
244 silly gunzTarPerm modes [ '755', '644' ]
245 verbose tar unpack /home/naimish/.npm/good-first-issue/0.27.2/package.tgz
246 verbose tar unpacking to /home/naimish/node_modules/.staging/good-first-issue-bce6802f
247 silly gentlyRm /home/naimish/node_modules/.staging/good-first-issue-bce6802f is being purged
248 verbose gentlyRm don't care about contents; nuking /home/naimish/node_modules/.staging/good-first-issue-bce6802f
249 silly gunzTarPerm modes [ '755', '644' ]
250 silly gunzTarPerm modes [ '755', '644' ]
251 silly gunzTarPerm modes [ '755', '644' ]
252 silly gunzTarPerm modes [ '755', '644' ]
253 silly gunzTarPerm extractEntry package.json
254 silly gunzTarPerm modified mode [ 'package.json', 436, 420 ]
255 silly gunzTarPerm extractEntry package.json
256 silly gunzTarPerm extractEntry package.json
257 silly gunzTarPerm extractEntry package.json
258 silly gunzTarPerm extractEntry package.json
259 silly gunzTarPerm extractEntry bin/good-first-issue.js
260 silly gunzTarPerm extractEntry .travis.yml
261 silly gunzTarPerm extractEntry binding.gyp
262 silly gunzTarPerm extractEntry CHANGELOG.md
263 silly gunzTarPerm modified mode [ 'CHANGELOG.md', 436, 420 ]
264 silly gunzTarPerm extractEntry History.md
265 silly gunzTarPerm extractEntry lib/log.js
266 silly gunzTarPerm extractEntry lib/prompt.js
267 silly gunzTarPerm extractEntry README.md
268 silly gunzTarPerm extractEntry index.js
269 silly gunzTarPerm extractEntry include_dirs.js
270 silly gunzTarPerm modified mode [ 'include_dirs.js', 436, 420 ]
271 silly gunzTarPerm extractEntry Changes.md
272 silly gunzTarPerm extractEntry index.js
273 silly gunzTarPerm extractEntry index.js
274 silly gunzTarPerm extractEntry History.md
275 silly gunzTarPerm extractEntry LICENSE.md
276 silly gunzTarPerm modified mode [ 'LICENSE.md', 436, 420 ]
277 silly gunzTarPerm extractEntry nan_callbacks_12_inl.h
278 silly gunzTarPerm modified mode [ 'nan_callbacks_12_inl.h', 436, 420 ]
279 silly gunzTarPerm extractEntry nan_callbacks_pre_12_inl.h
280 silly gunzTarPerm modified mode [ 'nan_callbacks_pre_12_inl.h', 436, 420 ]
281 silly gunzTarPerm extractEntry LICENSE
282 silly gunzTarPerm extractEntry Readme.md
283 silly gunzTarPerm extractEntry lib/application.js
284 silly gunzTarPerm extractEntry index.js
285 silly gunzTarPerm extractEntry License
286 silly gunzTarPerm extractEntry Readme.md
287 silly gunzTarPerm extractEntry lib/Connection.js
288 silly gunzTarPerm extractEntry history.md
289 silly gunzTarPerm extractEntry test/test.scanData.js
290 silly gunzTarPerm extractEntry package.json
291 silly gunzTarPerm extractEntry data/projects.json
292 silly gunzTarPerm extractEntry nan_callbacks.h
293 silly gunzTarPerm modified mode [ 'nan_callbacks.h', 436, 420 ]
294 silly gunzTarPerm extractEntry lib/ConnectionConfig.js
295 silly gunzTarPerm extractEntry lib/express.js
296 silly gunzTarPerm extractEntry lib/middleware/init.js
297 silly gunzTarPerm extractEntry Readme.md
298 silly gunzTarPerm extractEntry .github/ISSUE_TEMPLATE.md
299 silly gunzTarPerm extractEntry lib/middleware/query.js
300 silly gunzTarPerm extractEntry test/test.scanFile.js
301 silly gunzTarPerm extractEntry lib/request.js
302 silly gunzTarPerm extractEntry nan_converters_43_inl.h
303 silly gunzTarPerm modified mode [ 'nan_converters_43_inl.h', 436, 420 ]
304 silly gunzTarPerm extractEntry nan_converters_pre_43_inl.h
305 silly gunzTarPerm modified mode [ 'nan_converters_pre_43_inl.h', 436, 420 ]
306 silly gunzTarPerm extractEntry lib/Pool.js
307 silly gunzTarPerm extractEntry lib/PoolCluster.js
308 silly gunzTarPerm extractEntry lib/response.js
309 silly gunzTarPerm extractEntry README.md
310 silly gunzTarPerm extractEntry .vscode/c_cpp_properties.json
311 silly gunzTarPerm extractEntry .vscode/settings.json
312 silly gunzTarPerm extractEntry lib/bindings.js
313 silly gunzTarPerm extractEntry lib/canvas.js
314 silly gunzTarPerm extractEntry nan_converters.h
315 silly gunzTarPerm modified mode [ 'nan_converters.h', 436, 420 ]
316 silly gunzTarPerm extractEntry nan_define_own_property_helper.h
317 silly gunzTarPerm modified mode [ 'nan_define_own_property_helper.h', 436, 420 ]
318 silly gunzTarPerm extractEntry lib/router/index.js
319 silly gunzTarPerm extractEntry lib/router/layer.js
320 silly gunzTarPerm extractEntry lib/PoolConfig.js
321 silly gunzTarPerm extractEntry lib/PoolConnection.js
322 silly gunzTarPerm extractEntry lib/context2d.js
323 silly gunzTarPerm extractEntry lib/image.js
324 silly gunzTarPerm extractEntry lib/router/route.js
325 silly gunzTarPerm extractEntry lib/utils.js
326 silly gunzTarPerm extractEntry nan_implementation_12_inl.h
327 silly gunzTarPerm modified mode [ 'nan_implementation_12_inl.h', 436, 420 ]
328 silly gunzTarPerm extractEntry nan_implementation_pre_12_inl.h
329 silly gunzTarPerm modified mode [ 'nan_implementation_pre_12_inl.h', 436, 420 ]
330 silly gunzTarPerm extractEntry nan_json.h
331 silly gunzTarPerm modified mode [ 'nan_json.h', 436, 420 ]
332 silly gunzTarPerm extractEntry lib/PoolNamespace.js
333 silly gunzTarPerm extractEntry lib/PoolSelector.js
334 silly gunzTarPerm extractEntry lib/protocol/Auth.js
335 silly gunzTarPerm extractEntry nan_maybe_43_inl.h
336 silly gunzTarPerm modified mode [ 'nan_maybe_43_inl.h', 436, 420 ]
337 silly gunzTarPerm extractEntry lib/protocol/BufferList.js
338 silly gunzTarPerm extractEntry lib/protocol/constants/charsets.js
339 silly gunzTarPerm extractEntry lib/jpegstream.js
340 silly gunzTarPerm extractEntry lib/parse-font.js
341 silly gunzTarPerm extractEntry lib/view.js
342 silly gunzTarPerm extractEntry lib/protocol/constants/client.js
343 silly gunzTarPerm extractEntry nan_maybe_pre_43_inl.h
344 silly gunzTarPerm modified mode [ 'nan_maybe_pre_43_inl.h', 436, 420 ]
345 silly gunzTarPerm extractEntry nan_new.h
346 silly gunzTarPerm modified mode [ 'nan_new.h', 436, 420 ]
347 silly gunzTarPerm extractEntry nan_object_wrap.h
348 silly gunzTarPerm modified mode [ 'nan_object_wrap.h', 436, 420 ]
349 silly gunzTarPerm extractEntry lib/protocol/constants/errors.js
350 silly gunzTarPerm extractEntry lib/pdfstream.js
351 silly gunzTarPerm extractEntry lib/pngstream.js
352 silly gunzTarPerm extractEntry lib/protocol/constants/field_flags.js
353 silly gunzTarPerm extractEntry nan_persistent_12_inl.h
354 silly gunzTarPerm modified mode [ 'nan_persistent_12_inl.h', 436, 420 ]
355 silly gunzTarPerm extractEntry nan_persistent_pre_12_inl.h
356 silly gunzTarPerm modified mode [ 'nan_persistent_pre_12_inl.h', 436, 420 ]
357 silly gunzTarPerm extractEntry lib/protocol/constants/server_status.js
358 silly gunzTarPerm extractEntry lib/protocol/constants/ssl_profiles.js
359 silly gunzTarPerm extractEntry src/Canvas.cc
360 silly gunzTarPerm extractEntry src/Canvas.h
361 silly gunzTarPerm extractEntry nan_private.h
362 silly gunzTarPerm modified mode [ 'nan_private.h', 436, 420 ]
363 silly gunzTarPerm extractEntry nan_string_bytes.h
364 silly gunzTarPerm modified mode [ 'nan_string_bytes.h', 436, 420 ]
365 silly gentlyRm /home/naimish/node_modules/.staging/nudity-09d604b1/node_modules is being purged
366 verbose gentlyRm don't care about contents; nuking /home/naimish/node_modules/.staging/nudity-09d604b1/node_modules
367 silly gunzTarPerm extractEntry lib/protocol/constants/types.js
368 silly gunzTarPerm extractEntry lib/protocol/PacketHeader.js
369 silly gentlyRm /home/naimish/node_modules/.staging/good-first-issue-bce6802f/node_modules is being purged
370 verbose gentlyRm don't care about contents; nuking /home/naimish/node_modules/.staging/good-first-issue-bce6802f/node_modules
371 silly gunzTarPerm extractEntry src/CanvasGradient.cc
372 silly gunzTarPerm extractEntry src/CanvasGradient.h
373 silly gunzTarPerm extractEntry nan_typedarray_contents.h
374 silly gunzTarPerm modified mode [ 'nan_typedarray_contents.h', 436, 420 ]
375 silly gunzTarPerm extractEntry nan_weak.h
376 silly gunzTarPerm modified mode [ 'nan_weak.h', 436, 420 ]
377 silly gunzTarPerm extractEntry src/CanvasPattern.cc
378 silly gunzTarPerm extractEntry src/CanvasPattern.h
379 silly gunzTarPerm extractEntry lib/protocol/packets/AuthSwitchRequestPacket.js
380 silly gunzTarPerm extractEntry lib/protocol/packets/AuthSwitchResponsePacket.js
381 silly gunzTarPerm extractEntry nan.h
382 silly gunzTarPerm modified mode [ 'nan.h', 436, 420 ]
383 silly gunzTarPerm extractEntry README.md
384 silly gunzTarPerm modified mode [ 'README.md', 436, 420 ]
385 silly gunzTarPerm extractEntry lib/protocol/packets/ClientAuthenticationPacket.js
386 silly gunzTarPerm extractEntry lib/protocol/packets/ComChangeUserPacket.js
387 silly gunzTarPerm extractEntry src/CanvasRenderingContext2d.cc
388 silly gunzTarPerm extractEntry src/CanvasRenderingContext2d.h
389 silly gunzTarPerm extractEntry doc/asyncworker.md
390 silly gunzTarPerm modified mode [ 'doc/asyncworker.md', 436, 420 ]
391 silly gunzTarPerm extractEntry doc/buffers.md
392 silly gunzTarPerm modified mode [ 'doc/buffers.md', 436, 420 ]
393 silly gunzTarPerm extractEntry lib/protocol/packets/ComPingPacket.js
394 silly gunzTarPerm extractEntry lib/protocol/packets/ComQueryPacket.js
395 silly gunzTarPerm extractEntry src/closure.h
396 silly gunzTarPerm extractEntry src/color.cc
397 silly gunzTarPerm extractEntry doc/callback.md
398 silly gunzTarPerm modified mode [ 'doc/callback.md', 436, 420 ]
399 silly gunzTarPerm extractEntry doc/converters.md
400 silly gunzTarPerm modified mode [ 'doc/converters.md', 436, 420 ]
401 silly gunzTarPerm extractEntry lib/protocol/packets/ComQuitPacket.js
402 silly gunzTarPerm extractEntry lib/protocol/packets/ComStatisticsPacket.js
403 silly gunzTarPerm extractEntry src/color.h
404 silly gunzTarPerm extractEntry src/FontFace.cc
405 silly gunzTarPerm extractEntry doc/errors.md
406 silly gunzTarPerm modified mode [ 'doc/errors.md', 436, 420 ]
407 silly gunzTarPerm extractEntry doc/json.md
408 silly gunzTarPerm modified mode [ 'doc/json.md', 436, 420 ]
409 silly gunzTarPerm extractEntry lib/protocol/packets/EmptyPacket.js
410 silly gunzTarPerm extractEntry lib/protocol/packets/EofPacket.js
411 silly gunzTarPerm extractEntry src/FontFace.h
412 silly gunzTarPerm extractEntry src/Image.cc
413 silly gunzTarPerm extractEntry doc/maybe_types.md
414 silly gunzTarPerm modified mode [ 'doc/maybe_types.md', 436, 420 ]
415 silly gunzTarPerm extractEntry doc/methods.md
416 silly gunzTarPerm modified mode [ 'doc/methods.md', 436, 420 ]
417 silly gunzTarPerm extractEntry lib/protocol/packets/ErrorPacket.js
418 silly gunzTarPerm extractEntry lib/protocol/packets/Field.js
419 silly gunzTarPerm extractEntry src/Image.h
420 silly gunzTarPerm extractEntry src/ImageData.cc
421 silly gunzTarPerm extractEntry doc/new.md
422 silly gunzTarPerm modified mode [ 'doc/new.md', 436, 420 ]
423 silly gunzTarPerm extractEntry doc/node_misc.md
424 silly gunzTarPerm modified mode [ 'doc/node_misc.md', 436, 420 ]
425 silly gunzTarPerm extractEntry lib/protocol/packets/FieldPacket.js
426 silly gunzTarPerm extractEntry lib/protocol/packets/HandshakeInitializationPacket.js
427 silly gunzTarPerm extractEntry src/ImageData.h
428 silly gunzTarPerm extractEntry src/init.cc
429 silly gunzTarPerm extractEntry doc/object_wrappers.md
430 silly gunzTarPerm modified mode [ 'doc/object_wrappers.md', 436, 420 ]
431 silly gunzTarPerm extractEntry doc/persistent.md
432 silly gunzTarPerm modified mode [ 'doc/persistent.md', 436, 420 ]
433 silly gunzTarPerm extractEntry lib/protocol/packets/index.js
434 silly gunzTarPerm extractEntry lib/protocol/packets/LocalDataFilePacket.js
435 silly gunzTarPerm extractEntry src/JPEGStream.h
436 silly gunzTarPerm extractEntry src/PNG.h
437 silly gunzTarPerm extractEntry doc/scopes.md
438 silly gunzTarPerm modified mode [ 'doc/scopes.md', 436, 420 ]
439 silly gunzTarPerm extractEntry doc/script.md
440 silly gunzTarPerm modified mode [ 'doc/script.md', 436, 420 ]
441 silly gunzTarPerm extractEntry src/Point.h
442 silly gunzTarPerm extractEntry util/has_lib.sh
443 silly gunzTarPerm extractEntry lib/protocol/packets/OkPacket.js
444 silly gunzTarPerm extractEntry lib/protocol/packets/OldPasswordPacket.js
445 silly gunzTarPerm extractEntry doc/string_bytes.md
446 silly gunzTarPerm modified mode [ 'doc/string_bytes.md', 436, 420 ]
447 silly gunzTarPerm extractEntry doc/v8_internals.md
448 silly gunzTarPerm modified mode [ 'doc/v8_internals.md', 436, 420 ]
449 silly gunzTarPerm extractEntry lib/protocol/packets/ResultSetHeaderPacket.js
450 silly gunzTarPerm extractEntry lib/protocol/packets/RowDataPacket.js
451 silly gunzTarPerm extractEntry lib/protocol/packets/SSLRequestPacket.js
452 silly gunzTarPerm extractEntry lib/protocol/packets/StatisticsPacket.js
453 silly gunzTarPerm extractEntry lib/protocol/packets/UseOldPasswordPacket.js
454 silly gunzTarPerm extractEntry doc/v8_misc.md
455 silly gunzTarPerm modified mode [ 'doc/v8_misc.md', 436, 420 ]
456 silly gunzTarPerm extractEntry lib/protocol/PacketWriter.js
457 silly gunzTarPerm extractEntry lib/protocol/Parser.js
458 silly gentlyRm /home/naimish/node_modules/.staging/express-691d78a1/node_modules is being purged
459 verbose gentlyRm don't care about contents; nuking /home/naimish/node_modules/.staging/express-691d78a1/node_modules
460 silly gunzTarPerm extractEntry lib/protocol/Protocol.js
461 silly gunzTarPerm extractEntry tools/1to2.js
462 silly gunzTarPerm modified mode [ 'tools/1to2.js', 509, 493 ]
463 silly gunzTarPerm extractEntry tools/package.json
464 silly gunzTarPerm modified mode [ 'tools/package.json', 436, 420 ]
465 silly gunzTarPerm extractEntry lib/protocol/ResultSet.js
466 silly gunzTarPerm extractEntry lib/protocol/sequences/ChangeUser.js
467 silly gunzTarPerm extractEntry lib/protocol/sequences/Handshake.js
468 silly gunzTarPerm extractEntry lib/protocol/sequences/index.js
469 silly gunzTarPerm extractEntry tools/README.md
470 silly gunzTarPerm modified mode [ 'tools/README.md', 436, 420 ]
471 silly gunzTarPerm extractEntry lib/protocol/sequences/Ping.js
472 silly gunzTarPerm extractEntry lib/protocol/sequences/Query.js
473 silly gunzTarPerm extractEntry lib/protocol/sequences/Quit.js
474 silly gunzTarPerm extractEntry lib/protocol/sequences/Sequence.js
475 silly gunzTarPerm extractEntry lib/protocol/sequences/Statistics.js
476 silly gunzTarPerm extractEntry lib/protocol/SqlString.js
477 silly gunzTarPerm extractEntry lib/protocol/Timer.js
478 silly gentlyRm /home/naimish/node_modules/.staging/canvas-6582d713/node_modules is being purged
479 verbose gentlyRm don't care about contents; nuking /home/naimish/node_modules/.staging/canvas-6582d713/node_modules
480 silly gentlyRm /home/naimish/node_modules/.staging/nan-6a8dbe03/node_modules is being purged
481 verbose gentlyRm don't care about contents; nuking /home/naimish/node_modules/.staging/nan-6a8dbe03/node_modules
482 silly gentlyRm /home/naimish/node_modules/.staging/mysql-5d646561/node_modules is being purged
483 verbose gentlyRm don't care about contents; nuking /home/naimish/node_modules/.staging/mysql-5d646561/node_modules
484 silly doParallel preinstall 6
485 silly preinstall nan@2.14.0 /home/naimish/node_modules/.staging/nan-6a8dbe03
486 info lifecycle nan@2.14.0~preinstall: nan@2.14.0
487 silly preinstall canvas@1.6.13 /home/naimish/node_modules/.staging/canvas-6582d713
488 info lifecycle canvas@1.6.13~preinstall: canvas@1.6.13
489 silly preinstall express@4.17.1 /home/naimish/node_modules/.staging/express-691d78a1
490 info lifecycle express@4.17.1~preinstall: express@4.17.1
491 silly preinstall good-first-issue@0.27.2 /home/naimish/node_modules/.staging/good-first-issue-bce6802f
492 info lifecycle good-first-issue@0.27.2~preinstall: good-first-issue@0.27.2
493 silly preinstall mysql@2.17.1 /home/naimish/node_modules/.staging/mysql-5d646561
494 info lifecycle mysql@2.17.1~preinstall: mysql@2.17.1
495 silly preinstall nudity@0.0.2 /home/naimish/node_modules/.staging/nudity-09d604b1
496 info lifecycle nudity@0.0.2~preinstall: nudity@0.0.2
497 silly lifecycle nan@2.14.0~preinstall: no script for preinstall, continuing
498 silly lifecycle canvas@1.6.13~preinstall: no script for preinstall, continuing
499 silly lifecycle express@4.17.1~preinstall: no script for preinstall, continuing
500 silly lifecycle good-first-issue@0.27.2~preinstall: no script for preinstall, continuing
501 silly lifecycle mysql@2.17.1~preinstall: no script for preinstall, continuing
502 silly lifecycle nudity@0.0.2~preinstall: no script for preinstall, continuing
503 silly doReverseSerial remove 0
504 silly doSerial move 0
505 silly doSerial finalize 6
506 silly finalize /home/naimish/node_modules/nan
507 silly finalize /home/naimish/node_modules/canvas
508 silly finalize /home/naimish/node_modules/express
509 silly finalize /home/naimish/node_modules/good-first-issue
510 silly finalize /home/naimish/node_modules/mysql
511 silly finalize /home/naimish/node_modules/nudity
512 silly doSerial build 6
513 silly build nan@2.14.0
514 info linkStuff nan@2.14.0
515 silly linkStuff nan@2.14.0 has /home/naimish/node_modules as its parent node_modules
516 verbose linkBins nan@2.14.0
517 verbose linkMans nan@2.14.0
518 silly build canvas@1.6.13
519 info linkStuff canvas@1.6.13
520 silly linkStuff canvas@1.6.13 has /home/naimish/node_modules as its parent node_modules
521 verbose linkBins canvas@1.6.13
522 verbose linkMans canvas@1.6.13
523 silly build express@4.17.1
524 info linkStuff express@4.17.1
525 silly linkStuff express@4.17.1 has /home/naimish/node_modules as its parent node_modules
526 verbose linkBins express@4.17.1
527 verbose linkMans express@4.17.1
528 silly build good-first-issue@0.27.2
529 info linkStuff good-first-issue@0.27.2
530 silly linkStuff good-first-issue@0.27.2 has /home/naimish/node_modules as its parent node_modules
531 verbose linkBins good-first-issue@0.27.2
532 verbose link bins [ { 'good-first-issue': './bin/good-first-issue.js' },
532 verbose link bins   '/home/naimish/node_modules/.bin',
532 verbose link bins   false ]
533 verbose linkMans good-first-issue@0.27.2
534 silly build mysql@2.17.1
535 info linkStuff mysql@2.17.1
536 silly linkStuff mysql@2.17.1 has /home/naimish/node_modules as its parent node_modules
537 verbose linkBins mysql@2.17.1
538 verbose linkMans mysql@2.17.1
539 silly build nudity@0.0.2
540 info linkStuff nudity@0.0.2
541 silly linkStuff nudity@0.0.2 has /home/naimish/node_modules as its parent node_modules
542 verbose linkBins nudity@0.0.2
543 verbose linkMans nudity@0.0.2
544 silly doSerial global-link 0
545 silly doParallel update-linked 0
546 silly doSerial install 6
547 silly install nan@2.14.0 /home/naimish/node_modules/.staging/nan-6a8dbe03
548 info lifecycle nan@2.14.0~install: nan@2.14.0
549 silly lifecycle nan@2.14.0~install: no script for install, continuing
550 silly install canvas@1.6.13 /home/naimish/node_modules/.staging/canvas-6582d713
551 info lifecycle canvas@1.6.13~install: canvas@1.6.13
552 verbose lifecycle canvas@1.6.13~install: unsafe-perm in lifecycle false
553 verbose lifecycle canvas@1.6.13~install: PATH: /usr/share/npm/bin/node-gyp-bin:/home/naimish/node_modules/canvas/node_modules/.bin:/home/naimish/node_modules/.bin:/usr/local/sbin:/usr/local/bin:/usr/sbin:/usr/bin:/sbin:/bin:/snap/bin
554 verbose lifecycle canvas@1.6.13~install: CWD: /home/naimish/node_modules/canvas
555 silly lifecycle canvas@1.6.13~install: Args: [ '-c', 'node-gyp rebuild' ]
556 silly lifecycle canvas@1.6.13~install: Returned: code: 1  signal: null
557 info lifecycle canvas@1.6.13~install: Failed to exec install script
558 verbose unlock done using /home/naimish/.npm/_locks/staging-9e62602225db4bca.lock for /home/naimish/node_modules/.staging
559 silly rollbackFailedOptional Starting
560 silly rollbackFailedOptional Finishing
561 silly runTopLevelLifecycles Starting
562 silly runTopLevelLifecycles Finishing
563 silly install printInstalled
564 warn enoent ENOENT: no such file or directory, open '/home/naimish/package.json'
565 warn naimish No description
566 warn naimish No repository field.
567 warn naimish No README data
568 warn naimish No license field.
569 verbose stack Error: canvas@1.6.13 install: `node-gyp rebuild`
569 verbose stack Exit status 1
569 verbose stack     at EventEmitter.<anonymous> (/usr/share/npm/lib/utils/lifecycle.js:232:16)
569 verbose stack     at emitTwo (events.js:126:13)
569 verbose stack     at EventEmitter.emit (events.js:214:7)
569 verbose stack     at ChildProcess.<anonymous> (/usr/share/npm/lib/utils/spawn.js:24:14)
569 verbose stack     at emitTwo (events.js:126:13)
569 verbose stack     at ChildProcess.emit (events.js:214:7)
569 verbose stack     at maybeClose (internal/child_process.js:925:16)
569 verbose stack     at Process.ChildProcess._handle.onexit (internal/child_process.js:209:5)
570 verbose pkgid canvas@1.6.13
571 verbose cwd /home/naimish/Desktop/Projects/prototype2.0
572 error Linux 4.15.0-20-generic
573 error argv "/usr/bin/node" "/usr/bin/npm" "install" "nudity"
574 error node v8.10.0
575 error npm  v3.5.2
576 error code ELIFECYCLE
577 error canvas@1.6.13 install: `node-gyp rebuild`
577 error Exit status 1
578 error Failed at the canvas@1.6.13 install script 'node-gyp rebuild'.
578 error Make sure you have the latest version of node.js and npm installed.
578 error If you do, this is most likely a problem with the canvas package,
578 error not with npm itself.
578 error Tell the author that this fails on your system:
578 error     node-gyp rebuild
578 error You can get information on how to open an issue for this project with:
578 error     npm bugs canvas
578 error Or if that isn't available, you can get their info via:
578 error     npm owner ls canvas
578 error There is likely additional logging output above.
579 verbose exit [ 1, true ]
